{"C:\\Users\\brinc\\projects\\sqa-final\\src\\app.js": {"path":"C:\\Users\\brinc\\projects\\sqa-final\\src\\app.js","statementMap":{"0":{"start":{"line":1,"column":16},"end":{"line":1,"column":34}},"1":{"start":{"line":2,"column":15},"end":{"line":2,"column":51}},"2":{"start":{"line":8,"column":12},"end":{"line":8,"column":21}},"3":{"start":{"line":9,"column":0},"end":{"line":9,"column":24}},"4":{"start":{"line":14,"column":0},"end":{"line":14,"column":27}},"5":{"start":{"line":16,"column":0},"end":{"line":16,"column":21}}},"fnMap":{},"branchMap":{},"s":{"0":1,"1":1,"2":1,"3":1,"4":1,"5":1},"f":{},"b":{},"_coverageSchema":"1a1c01bbd47fc00a2c39e90264f33305004495a9","hash":"c39b902cb477d620fcc2a8db197020d5c9cd9662"}
,"C:\\Users\\brinc\\projects\\sqa-final\\src\\Survey\\Survey.js": {"path":"C:\\Users\\brinc\\projects\\sqa-final\\src\\Survey\\Survey.js","statementMap":{"0":{"start":{"line":5,"column":0},"end":{"line":14,"column":1}},"1":{"start":{"line":7,"column":8},"end":{"line":9,"column":9}},"2":{"start":{"line":8,"column":12},"end":{"line":8,"column":62}},"3":{"start":{"line":10,"column":8},"end":{"line":10,"column":25}},"4":{"start":{"line":11,"column":8},"end":{"line":11,"column":27}},"5":{"start":{"line":12,"column":8},"end":{"line":12,"column":28}}},"fnMap":{"0":{"name":"(anonymous_0)","decl":{"start":{"line":6,"column":4},"end":{"line":6,"column":5}},"loc":{"start":{"line":6,"column":24},"end":{"line":13,"column":5}},"line":6}},"branchMap":{"0":{"loc":{"start":{"line":7,"column":8},"end":{"line":9,"column":9}},"type":"if","locations":[{"start":{"line":7,"column":8},"end":{"line":9,"column":9}},{"start":{"line":7,"column":8},"end":{"line":9,"column":9}}],"line":7}},"s":{"0":1,"1":3,"2":1,"3":2,"4":2,"5":2},"f":{"0":3},"b":{"0":[1,2]},"_coverageSchema":"1a1c01bbd47fc00a2c39e90264f33305004495a9","hash":"6631af99835cefe374919efd985f0a650782f7dc"}
,"C:\\Users\\brinc\\projects\\sqa-final\\src\\Survey\\SurveyController.js": {"path":"C:\\Users\\brinc\\projects\\sqa-final\\src\\Survey\\SurveyController.js","statementMap":{"0":{"start":{"line":1,"column":16},"end":{"line":1,"column":34}},"1":{"start":{"line":2,"column":22},"end":{"line":2,"column":48}},"2":{"start":{"line":4,"column":15},"end":{"line":4,"column":31}},"3":{"start":{"line":9,"column":0},"end":{"line":27,"column":7}},"4":{"start":{"line":14,"column":8},"end":{"line":14,"column":58}},"5":{"start":{"line":21,"column":8},"end":{"line":26,"column":9}},"6":{"start":{"line":22,"column":27},"end":{"line":22,"column":60}},"7":{"start":{"line":23,"column":12},"end":{"line":23,"column":39}},"8":{"start":{"line":25,"column":12},"end":{"line":25,"column":55}},"9":{"start":{"line":33,"column":0},"end":{"line":57,"column":7}},"10":{"start":{"line":39,"column":8},"end":{"line":44,"column":9}},"11":{"start":{"line":40,"column":27},"end":{"line":40,"column":67}},"12":{"start":{"line":41,"column":12},"end":{"line":41,"column":39}},"13":{"start":{"line":43,"column":12},"end":{"line":43,"column":55}},"14":{"start":{"line":51,"column":8},"end":{"line":56,"column":9}},"15":{"start":{"line":52,"column":12},"end":{"line":52,"column":56}},"16":{"start":{"line":53,"column":12},"end":{"line":53,"column":23}},"17":{"start":{"line":55,"column":12},"end":{"line":55,"column":55}},"18":{"start":{"line":64,"column":0},"end":{"line":71,"column":2}},"19":{"start":{"line":65,"column":4},"end":{"line":70,"column":5}},"20":{"start":{"line":66,"column":24},"end":{"line":66,"column":71}},"21":{"start":{"line":67,"column":8},"end":{"line":67,"column":37}},"22":{"start":{"line":69,"column":8},"end":{"line":69,"column":51}},"23":{"start":{"line":78,"column":0},"end":{"line":85,"column":3}},"24":{"start":{"line":79,"column":4},"end":{"line":84,"column":5}},"25":{"start":{"line":80,"column":31},"end":{"line":80,"column":82}},"26":{"start":{"line":81,"column":8},"end":{"line":81,"column":51}},"27":{"start":{"line":83,"column":8},"end":{"line":83,"column":51}},"28":{"start":{"line":93,"column":0},"end":{"line":100,"column":3}},"29":{"start":{"line":94,"column":4},"end":{"line":99,"column":5}},"30":{"start":{"line":95,"column":25},"end":{"line":95,"column":98}},"31":{"start":{"line":96,"column":8},"end":{"line":96,"column":45}},"32":{"start":{"line":98,"column":8},"end":{"line":98,"column":51}},"33":{"start":{"line":107,"column":0},"end":{"line":114,"column":3}},"34":{"start":{"line":108,"column":4},"end":{"line":113,"column":5}},"35":{"start":{"line":109,"column":26},"end":{"line":109,"column":84}},"36":{"start":{"line":110,"column":8},"end":{"line":110,"column":40}},"37":{"start":{"line":112,"column":8},"end":{"line":112,"column":51}},"38":{"start":{"line":122,"column":0},"end":{"line":129,"column":3}},"39":{"start":{"line":123,"column":4},"end":{"line":128,"column":5}},"40":{"start":{"line":124,"column":24},"end":{"line":124,"column":97}},"41":{"start":{"line":125,"column":8},"end":{"line":125,"column":37}},"42":{"start":{"line":127,"column":8},"end":{"line":127,"column":51}},"43":{"start":{"line":131,"column":0},"end":{"line":131,"column":24}}},"fnMap":{"0":{"name":"(anonymous_0)","decl":{"start":{"line":13,"column":9},"end":{"line":13,"column":10}},"loc":{"start":{"line":13,"column":23},"end":{"line":15,"column":5}},"line":13},"1":{"name":"(anonymous_1)","decl":{"start":{"line":20,"column":10},"end":{"line":20,"column":11}},"loc":{"start":{"line":20,"column":24},"end":{"line":27,"column":5}},"line":20},"2":{"name":"(anonymous_2)","decl":{"start":{"line":38,"column":9},"end":{"line":38,"column":10}},"loc":{"start":{"line":38,"column":23},"end":{"line":45,"column":5}},"line":38},"3":{"name":"(anonymous_3)","decl":{"start":{"line":50,"column":12},"end":{"line":50,"column":13}},"loc":{"start":{"line":50,"column":26},"end":{"line":57,"column":5}},"line":50},"4":{"name":"(anonymous_4)","decl":{"start":{"line":64,"column":29},"end":{"line":64,"column":30}},"loc":{"start":{"line":64,"column":43},"end":{"line":71,"column":1}},"line":64},"5":{"name":"(anonymous_5)","decl":{"start":{"line":78,"column":32},"end":{"line":78,"column":33}},"loc":{"start":{"line":78,"column":46},"end":{"line":85,"column":1}},"line":78},"6":{"name":"(anonymous_6)","decl":{"start":{"line":93,"column":36},"end":{"line":93,"column":37}},"loc":{"start":{"line":93,"column":50},"end":{"line":100,"column":1}},"line":93},"7":{"name":"(anonymous_7)","decl":{"start":{"line":107,"column":32},"end":{"line":107,"column":33}},"loc":{"start":{"line":107,"column":46},"end":{"line":114,"column":1}},"line":107},"8":{"name":"(anonymous_8)","decl":{"start":{"line":122,"column":46},"end":{"line":122,"column":47}},"loc":{"start":{"line":122,"column":60},"end":{"line":129,"column":1}},"line":122}},"branchMap":{},"s":{"0":1,"1":1,"2":1,"3":1,"4":1,"5":4,"6":4,"7":1,"8":3,"9":1,"10":2,"11":2,"12":1,"13":1,"14":2,"15":2,"16":1,"17":1,"18":1,"19":5,"20":5,"21":1,"22":4,"23":1,"24":2,"25":2,"26":1,"27":1,"28":1,"29":7,"30":7,"31":1,"32":6,"33":1,"34":15,"35":15,"36":11,"37":4,"38":1,"39":5,"40":5,"41":1,"42":4,"43":1},"f":{"0":1,"1":4,"2":2,"3":2,"4":5,"5":2,"6":7,"7":15,"8":5},"b":{},"_coverageSchema":"1a1c01bbd47fc00a2c39e90264f33305004495a9","hash":"10548514642e1045c5bcc9d93d7c744b35ed31e6"}
,"C:\\Users\\brinc\\projects\\sqa-final\\src\\Survey\\SurveyResponse.js": {"path":"C:\\Users\\brinc\\projects\\sqa-final\\src\\Survey\\SurveyResponse.js","statementMap":{"0":{"start":{"line":1,"column":15},"end":{"line":1,"column":33}},"1":{"start":{"line":7,"column":0},"end":{"line":18,"column":1}},"2":{"start":{"line":9,"column":8},"end":{"line":9,"column":27}},"3":{"start":{"line":10,"column":8},"end":{"line":10,"column":28}},"4":{"start":{"line":14,"column":8},"end":{"line":14,"column":89}},"5":{"start":{"line":14,"column":42},"end":{"line":14,"column":89}},"6":{"start":{"line":15,"column":8},"end":{"line":15,"column":104}},"7":{"start":{"line":15,"column":42},"end":{"line":15,"column":104}},"8":{"start":{"line":16,"column":8},"end":{"line":16,"column":38}}},"fnMap":{"0":{"name":"(anonymous_0)","decl":{"start":{"line":8,"column":4},"end":{"line":8,"column":5}},"loc":{"start":{"line":8,"column":18},"end":{"line":11,"column":5}},"line":8},"1":{"name":"(anonymous_1)","decl":{"start":{"line":13,"column":4},"end":{"line":13,"column":5}},"loc":{"start":{"line":13,"column":26},"end":{"line":17,"column":5}},"line":13}},"branchMap":{"0":{"loc":{"start":{"line":14,"column":8},"end":{"line":14,"column":89}},"type":"if","locations":[{"start":{"line":14,"column":8},"end":{"line":14,"column":89}},{"start":{"line":14,"column":8},"end":{"line":14,"column":89}}],"line":14},"1":{"loc":{"start":{"line":15,"column":8},"end":{"line":15,"column":104}},"type":"if","locations":[{"start":{"line":15,"column":8},"end":{"line":15,"column":104}},{"start":{"line":15,"column":8},"end":{"line":15,"column":104}}],"line":15},"2":{"loc":{"start":{"line":15,"column":12},"end":{"line":15,"column":40}},"type":"binary-expr","locations":[{"start":{"line":15,"column":12},"end":{"line":15,"column":24}},{"start":{"line":15,"column":28},"end":{"line":15,"column":40}}],"line":15}},"s":{"0":1,"1":1,"2":1,"3":1,"4":3,"5":1,"6":2,"7":1,"8":1},"f":{"0":1,"1":3},"b":{"0":[1,2],"1":[1,1],"2":[2,2]},"_coverageSchema":"1a1c01bbd47fc00a2c39e90264f33305004495a9","hash":"c711403b1a245367280882f19685e94d75ab39c9"}
,"C:\\Users\\brinc\\projects\\sqa-final\\src\\Survey\\SurveyService.js": {"path":"C:\\Users\\brinc\\projects\\sqa-final\\src\\Survey\\SurveyService.js","statementMap":{"0":{"start":{"line":1,"column":13},"end":{"line":1,"column":30}},"1":{"start":{"line":2,"column":15},"end":{"line":2,"column":34}},"2":{"start":{"line":3,"column":23},"end":{"line":3,"column":50}},"3":{"start":{"line":9,"column":0},"end":{"line":144,"column":3}},"4":{"start":{"line":11,"column":8},"end":{"line":11,"column":29}},"5":{"start":{"line":19,"column":8},"end":{"line":19,"column":30}},"6":{"start":{"line":28,"column":23},"end":{"line":28,"column":75}},"7":{"start":{"line":28,"column":52},"end":{"line":28,"column":74}},"8":{"start":{"line":29,"column":8},"end":{"line":29,"column":74}},"9":{"start":{"line":29,"column":34},"end":{"line":29,"column":74}},"10":{"start":{"line":30,"column":8},"end":{"line":30,"column":22}},"11":{"start":{"line":39,"column":8},"end":{"line":39,"column":67}},"12":{"start":{"line":39,"column":26},"end":{"line":39,"column":67}},"13":{"start":{"line":40,"column":23},"end":{"line":40,"column":41}},"14":{"start":{"line":41,"column":8},"end":{"line":43,"column":9}},"15":{"start":{"line":41,"column":40},"end":{"line":41,"column":65}},"16":{"start":{"line":42,"column":12},"end":{"line":42,"column":53}},"17":{"start":{"line":44,"column":8},"end":{"line":44,"column":37}},"18":{"start":{"line":45,"column":8},"end":{"line":45,"column":22}},"19":{"start":{"line":53,"column":8},"end":{"line":53,"column":107}},"20":{"start":{"line":53,"column":42},"end":{"line":53,"column":64}},"21":{"start":{"line":53,"column":67},"end":{"line":53,"column":107}},"22":{"start":{"line":54,"column":8},"end":{"line":54,"column":79}},"23":{"start":{"line":54,"column":57},"end":{"line":54,"column":77}},"24":{"start":{"line":64,"column":29},"end":{"line":64,"column":33}},"25":{"start":{"line":65,"column":23},"end":{"line":65,"column":75}},"26":{"start":{"line":65,"column":52},"end":{"line":65,"column":74}},"27":{"start":{"line":66,"column":8},"end":{"line":69,"column":87}},"28":{"start":{"line":66,"column":21},"end":{"line":66,"column":61}},"29":{"start":{"line":67,"column":13},"end":{"line":69,"column":87}},"30":{"start":{"line":67,"column":28},"end":{"line":67,"column":90}},"31":{"start":{"line":68,"column":13},"end":{"line":69,"column":87}},"32":{"start":{"line":68,"column":47},"end":{"line":68,"column":103}},"33":{"start":{"line":69,"column":13},"end":{"line":69,"column":87}},"34":{"start":{"line":69,"column":47},"end":{"line":69,"column":87}},"35":{"start":{"line":70,"column":8},"end":{"line":70,"column":40}},"36":{"start":{"line":71,"column":8},"end":{"line":71,"column":32}},"37":{"start":{"line":80,"column":23},"end":{"line":80,"column":75}},"38":{"start":{"line":80,"column":52},"end":{"line":80,"column":74}},"39":{"start":{"line":81,"column":8},"end":{"line":81,"column":61}},"40":{"start":{"line":81,"column":21},"end":{"line":81,"column":61}},"41":{"start":{"line":82,"column":8},"end":{"line":82,"column":51}},"42":{"start":{"line":83,"column":8},"end":{"line":83,"column":61}},"43":{"start":{"line":94,"column":29},"end":{"line":94,"column":33}},"44":{"start":{"line":95,"column":23},"end":{"line":95,"column":75}},"45":{"start":{"line":95,"column":52},"end":{"line":95,"column":74}},"46":{"start":{"line":96,"column":8},"end":{"line":96,"column":61}},"47":{"start":{"line":96,"column":21},"end":{"line":96,"column":61}},"48":{"start":{"line":97,"column":31},"end":{"line":97,"column":90}},"49":{"start":{"line":97,"column":61},"end":{"line":97,"column":89}},"50":{"start":{"line":98,"column":8},"end":{"line":100,"column":133}},"51":{"start":{"line":98,"column":29},"end":{"line":98,"column":77}},"52":{"start":{"line":99,"column":13},"end":{"line":100,"column":133}},"53":{"start":{"line":99,"column":28},"end":{"line":99,"column":90}},"54":{"start":{"line":100,"column":13},"end":{"line":100,"column":133}},"55":{"start":{"line":100,"column":77},"end":{"line":100,"column":133}},"56":{"start":{"line":101,"column":8},"end":{"line":101,"column":45}},"57":{"start":{"line":102,"column":8},"end":{"line":102,"column":30}},"58":{"start":{"line":111,"column":23},"end":{"line":111,"column":75}},"59":{"start":{"line":111,"column":52},"end":{"line":111,"column":74}},"60":{"start":{"line":112,"column":8},"end":{"line":112,"column":61}},"61":{"start":{"line":112,"column":21},"end":{"line":112,"column":61}},"62":{"start":{"line":113,"column":24},"end":{"line":113,"column":72}},"63":{"start":{"line":113,"column":57},"end":{"line":113,"column":71}},"64":{"start":{"line":114,"column":8},"end":{"line":114,"column":79}},"65":{"start":{"line":114,"column":29},"end":{"line":114,"column":79}},"66":{"start":{"line":115,"column":8},"end":{"line":120,"column":9}},"67":{"start":{"line":130,"column":23},"end":{"line":130,"column":75}},"68":{"start":{"line":130,"column":52},"end":{"line":130,"column":74}},"69":{"start":{"line":131,"column":24},"end":{"line":131,"column":43}},"70":{"start":{"line":132,"column":8},"end":{"line":134,"column":88}},"71":{"start":{"line":132,"column":21},"end":{"line":132,"column":61}},"72":{"start":{"line":133,"column":13},"end":{"line":134,"column":88}},"73":{"start":{"line":133,"column":40},"end":{"line":133,"column":72}},"74":{"start":{"line":134,"column":13},"end":{"line":134,"column":88}},"75":{"start":{"line":134,"column":50},"end":{"line":134,"column":88}},"76":{"start":{"line":135,"column":24},"end":{"line":135,"column":118}},"77":{"start":{"line":135,"column":57},"end":{"line":135,"column":96}},"78":{"start":{"line":135,"column":113},"end":{"line":135,"column":117}},"79":{"start":{"line":136,"column":8},"end":{"line":136,"column":79}},"80":{"start":{"line":136,"column":29},"end":{"line":136,"column":79}},"81":{"start":{"line":137,"column":8},"end":{"line":142,"column":9}}},"fnMap":{"0":{"name":"(anonymous_0)","decl":{"start":{"line":10,"column":4},"end":{"line":10,"column":5}},"loc":{"start":{"line":10,"column":18},"end":{"line":12,"column":5}},"line":10},"1":{"name":"(anonymous_1)","decl":{"start":{"line":18,"column":4},"end":{"line":18,"column":5}},"loc":{"start":{"line":18,"column":20},"end":{"line":20,"column":5}},"line":18},"2":{"name":"(anonymous_2)","decl":{"start":{"line":27,"column":4},"end":{"line":27,"column":5}},"loc":{"start":{"line":27,"column":24},"end":{"line":31,"column":5}},"line":27},"3":{"name":"(anonymous_3)","decl":{"start":{"line":28,"column":44},"end":{"line":28,"column":45}},"loc":{"start":{"line":28,"column":52},"end":{"line":28,"column":74}},"line":28},"4":{"name":"(anonymous_4)","decl":{"start":{"line":38,"column":4},"end":{"line":38,"column":5}},"loc":{"start":{"line":38,"column":22},"end":{"line":46,"column":5}},"line":38},"5":{"name":"(anonymous_5)","decl":{"start":{"line":41,"column":32},"end":{"line":41,"column":33}},"loc":{"start":{"line":41,"column":40},"end":{"line":41,"column":65}},"line":41},"6":{"name":"(anonymous_6)","decl":{"start":{"line":52,"column":4},"end":{"line":52,"column":5}},"loc":{"start":{"line":52,"column":27},"end":{"line":55,"column":5}},"line":52},"7":{"name":"(anonymous_7)","decl":{"start":{"line":53,"column":34},"end":{"line":53,"column":35}},"loc":{"start":{"line":53,"column":42},"end":{"line":53,"column":64}},"line":53},"8":{"name":"(anonymous_8)","decl":{"start":{"line":54,"column":49},"end":{"line":54,"column":50}},"loc":{"start":{"line":54,"column":57},"end":{"line":54,"column":77}},"line":54},"9":{"name":"(anonymous_9)","decl":{"start":{"line":63,"column":4},"end":{"line":63,"column":5}},"loc":{"start":{"line":63,"column":38},"end":{"line":72,"column":5}},"line":63},"10":{"name":"(anonymous_10)","decl":{"start":{"line":65,"column":44},"end":{"line":65,"column":45}},"loc":{"start":{"line":65,"column":52},"end":{"line":65,"column":74}},"line":65},"11":{"name":"(anonymous_11)","decl":{"start":{"line":79,"column":4},"end":{"line":79,"column":5}},"loc":{"start":{"line":79,"column":35},"end":{"line":84,"column":5}},"line":79},"12":{"name":"(anonymous_12)","decl":{"start":{"line":80,"column":44},"end":{"line":80,"column":45}},"loc":{"start":{"line":80,"column":52},"end":{"line":80,"column":74}},"line":80},"13":{"name":"(anonymous_13)","decl":{"start":{"line":93,"column":4},"end":{"line":93,"column":5}},"loc":{"start":{"line":93,"column":56},"end":{"line":103,"column":5}},"line":93},"14":{"name":"(anonymous_14)","decl":{"start":{"line":95,"column":44},"end":{"line":95,"column":45}},"loc":{"start":{"line":95,"column":52},"end":{"line":95,"column":74}},"line":95},"15":{"name":"(anonymous_15)","decl":{"start":{"line":97,"column":53},"end":{"line":97,"column":54}},"loc":{"start":{"line":97,"column":61},"end":{"line":97,"column":89}},"line":97},"16":{"name":"(anonymous_16)","decl":{"start":{"line":110,"column":4},"end":{"line":110,"column":5}},"loc":{"start":{"line":110,"column":31},"end":{"line":121,"column":5}},"line":110},"17":{"name":"(anonymous_17)","decl":{"start":{"line":111,"column":44},"end":{"line":111,"column":45}},"loc":{"start":{"line":111,"column":52},"end":{"line":111,"column":74}},"line":111},"18":{"name":"(anonymous_18)","decl":{"start":{"line":113,"column":49},"end":{"line":113,"column":50}},"loc":{"start":{"line":113,"column":57},"end":{"line":113,"column":71}},"line":113},"19":{"name":"(anonymous_19)","decl":{"start":{"line":129,"column":4},"end":{"line":129,"column":5}},"loc":{"start":{"line":129,"column":46},"end":{"line":143,"column":5}},"line":129},"20":{"name":"(anonymous_20)","decl":{"start":{"line":130,"column":44},"end":{"line":130,"column":45}},"loc":{"start":{"line":130,"column":52},"end":{"line":130,"column":74}},"line":130},"21":{"name":"(anonymous_21)","decl":{"start":{"line":135,"column":49},"end":{"line":135,"column":50}},"loc":{"start":{"line":135,"column":57},"end":{"line":135,"column":96}},"line":135},"22":{"name":"(anonymous_22)","decl":{"start":{"line":135,"column":105},"end":{"line":135,"column":106}},"loc":{"start":{"line":135,"column":113},"end":{"line":135,"column":117}},"line":135}},"branchMap":{"0":{"loc":{"start":{"line":29,"column":8},"end":{"line":29,"column":74}},"type":"if","locations":[{"start":{"line":29,"column":8},"end":{"line":29,"column":74}},{"start":{"line":29,"column":8},"end":{"line":29,"column":74}}],"line":29},"1":{"loc":{"start":{"line":39,"column":8},"end":{"line":39,"column":67}},"type":"if","locations":[{"start":{"line":39,"column":8},"end":{"line":39,"column":67}},{"start":{"line":39,"column":8},"end":{"line":39,"column":67}}],"line":39},"2":{"loc":{"start":{"line":41,"column":8},"end":{"line":43,"column":9}},"type":"if","locations":[{"start":{"line":41,"column":8},"end":{"line":43,"column":9}},{"start":{"line":41,"column":8},"end":{"line":43,"column":9}}],"line":41},"3":{"loc":{"start":{"line":53,"column":8},"end":{"line":53,"column":107}},"type":"if","locations":[{"start":{"line":53,"column":8},"end":{"line":53,"column":107}},{"start":{"line":53,"column":8},"end":{"line":53,"column":107}}],"line":53},"4":{"loc":{"start":{"line":66,"column":8},"end":{"line":69,"column":87}},"type":"if","locations":[{"start":{"line":66,"column":8},"end":{"line":69,"column":87}},{"start":{"line":66,"column":8},"end":{"line":69,"column":87}}],"line":66},"5":{"loc":{"start":{"line":67,"column":13},"end":{"line":69,"column":87}},"type":"if","locations":[{"start":{"line":67,"column":13},"end":{"line":69,"column":87}},{"start":{"line":67,"column":13},"end":{"line":69,"column":87}}],"line":67},"6":{"loc":{"start":{"line":68,"column":13},"end":{"line":69,"column":87}},"type":"if","locations":[{"start":{"line":68,"column":13},"end":{"line":69,"column":87}},{"start":{"line":68,"column":13},"end":{"line":69,"column":87}}],"line":68},"7":{"loc":{"start":{"line":69,"column":13},"end":{"line":69,"column":87}},"type":"if","locations":[{"start":{"line":69,"column":13},"end":{"line":69,"column":87}},{"start":{"line":69,"column":13},"end":{"line":69,"column":87}}],"line":69},"8":{"loc":{"start":{"line":81,"column":8},"end":{"line":81,"column":61}},"type":"if","locations":[{"start":{"line":81,"column":8},"end":{"line":81,"column":61}},{"start":{"line":81,"column":8},"end":{"line":81,"column":61}}],"line":81},"9":{"loc":{"start":{"line":96,"column":8},"end":{"line":96,"column":61}},"type":"if","locations":[{"start":{"line":96,"column":8},"end":{"line":96,"column":61}},{"start":{"line":96,"column":8},"end":{"line":96,"column":61}}],"line":96},"10":{"loc":{"start":{"line":98,"column":8},"end":{"line":100,"column":133}},"type":"if","locations":[{"start":{"line":98,"column":8},"end":{"line":100,"column":133}},{"start":{"line":98,"column":8},"end":{"line":100,"column":133}}],"line":98},"11":{"loc":{"start":{"line":99,"column":13},"end":{"line":100,"column":133}},"type":"if","locations":[{"start":{"line":99,"column":13},"end":{"line":100,"column":133}},{"start":{"line":99,"column":13},"end":{"line":100,"column":133}}],"line":99},"12":{"loc":{"start":{"line":100,"column":13},"end":{"line":100,"column":133}},"type":"if","locations":[{"start":{"line":100,"column":13},"end":{"line":100,"column":133}},{"start":{"line":100,"column":13},"end":{"line":100,"column":133}}],"line":100},"13":{"loc":{"start":{"line":112,"column":8},"end":{"line":112,"column":61}},"type":"if","locations":[{"start":{"line":112,"column":8},"end":{"line":112,"column":61}},{"start":{"line":112,"column":8},"end":{"line":112,"column":61}}],"line":112},"14":{"loc":{"start":{"line":114,"column":8},"end":{"line":114,"column":79}},"type":"if","locations":[{"start":{"line":114,"column":8},"end":{"line":114,"column":79}},{"start":{"line":114,"column":8},"end":{"line":114,"column":79}}],"line":114},"15":{"loc":{"start":{"line":132,"column":8},"end":{"line":134,"column":88}},"type":"if","locations":[{"start":{"line":132,"column":8},"end":{"line":134,"column":88}},{"start":{"line":132,"column":8},"end":{"line":134,"column":88}}],"line":132},"16":{"loc":{"start":{"line":133,"column":13},"end":{"line":134,"column":88}},"type":"if","locations":[{"start":{"line":133,"column":13},"end":{"line":134,"column":88}},{"start":{"line":133,"column":13},"end":{"line":134,"column":88}}],"line":133},"17":{"loc":{"start":{"line":134,"column":13},"end":{"line":134,"column":88}},"type":"if","locations":[{"start":{"line":134,"column":13},"end":{"line":134,"column":88}},{"start":{"line":134,"column":13},"end":{"line":134,"column":88}}],"line":134},"18":{"loc":{"start":{"line":136,"column":8},"end":{"line":136,"column":79}},"type":"if","locations":[{"start":{"line":136,"column":8},"end":{"line":136,"column":79}},{"start":{"line":136,"column":8},"end":{"line":136,"column":79}}],"line":136}},"s":{"0":1,"1":1,"2":1,"3":1,"4":1,"5":1,"6":2,"7":2,"8":2,"9":1,"10":1,"11":4,"12":1,"13":3,"14":2,"15":1,"16":1,"17":1,"18":1,"19":2,"20":2,"21":1,"22":1,"23":1,"24":15,"25":15,"26":15,"27":15,"28":1,"29":14,"30":1,"31":13,"32":1,"33":12,"34":1,"35":11,"36":11,"37":2,"38":2,"39":2,"40":1,"41":1,"42":1,"43":7,"44":7,"45":7,"46":7,"47":1,"48":6,"49":6,"50":6,"51":1,"52":5,"53":1,"54":4,"55":1,"56":3,"57":1,"58":5,"59":5,"60":5,"61":1,"62":4,"63":3,"64":4,"65":3,"66":1,"67":5,"68":5,"69":5,"70":5,"71":1,"72":4,"73":1,"74":3,"75":1,"76":2,"77":2,"78":2,"79":2,"80":1,"81":1},"f":{"0":1,"1":1,"2":2,"3":2,"4":4,"5":1,"6":2,"7":2,"8":1,"9":15,"10":15,"11":2,"12":2,"13":7,"14":7,"15":6,"16":5,"17":5,"18":3,"19":5,"20":5,"21":2,"22":2},"b":{"0":[1,1],"1":[1,3],"2":[1,1],"3":[1,1],"4":[1,14],"5":[1,13],"6":[1,12],"7":[1,11],"8":[1,1],"9":[1,6],"10":[1,5],"11":[1,4],"12":[1,3],"13":[1,4],"14":[3,1],"15":[1,4],"16":[1,3],"17":[1,2],"18":[1,1]},"_coverageSchema":"1a1c01bbd47fc00a2c39e90264f33305004495a9","hash":"5554710d71bf31d58ec0d2aa4f36eb6c62dbfdb0"}
}
