TN:
SF:src\app.js
FNF:0
FNH:0
DA:1,1
DA:2,1
DA:8,1
DA:9,1
DA:14,1
DA:16,1
LF:6
LH:6
BRF:0
BRH:0
end_of_record
TN:
SF:src\Survey\Survey.js
FN:6,(anonymous_0)
FNF:1
FNH:1
FNDA:3,(anonymous_0)
DA:5,1
DA:7,3
DA:8,1
DA:10,2
DA:11,2
DA:12,2
LF:6
LH:6
BRDA:7,0,0,1
BRDA:7,0,1,2
BRF:2
BRH:2
end_of_record
TN:
SF:src\Survey\SurveyController.js
FN:13,(anonymous_0)
FN:20,(anonymous_1)
FN:38,(anonymous_2)
FN:50,(anonymous_3)
FN:64,(anonymous_4)
FN:78,(anonymous_5)
FN:93,(anonymous_6)
FN:107,(anonymous_7)
FN:122,(anonymous_8)
FNF:9
FNH:9
FNDA:1,(anonymous_0)
FNDA:4,(anonymous_1)
FNDA:2,(anonymous_2)
FNDA:2,(anonymous_3)
FNDA:5,(anonymous_4)
FNDA:2,(anonymous_5)
FNDA:7,(anonymous_6)
FNDA:15,(anonymous_7)
FNDA:5,(anonymous_8)
DA:1,1
DA:2,1
DA:4,1
DA:9,1
DA:14,1
DA:21,4
DA:22,4
DA:23,1
DA:25,3
DA:33,1
DA:39,2
DA:40,2
DA:41,1
DA:43,1
DA:51,2
DA:52,2
DA:53,1
DA:55,1
DA:64,1
DA:65,5
DA:66,5
DA:67,1
DA:69,4
DA:78,1
DA:79,2
DA:80,2
DA:81,1
DA:83,1
DA:93,1
DA:94,7
DA:95,7
DA:96,1
DA:98,6
DA:107,1
DA:108,15
DA:109,15
DA:110,11
DA:112,4
DA:122,1
DA:123,5
DA:124,5
DA:125,1
DA:127,4
DA:131,1
LF:44
LH:44
BRF:0
BRH:0
end_of_record
TN:
SF:src\Survey\SurveyResponse.js
FN:8,(anonymous_0)
FN:13,(anonymous_1)
FNF:2
FNH:2
FNDA:1,(anonymous_0)
FNDA:3,(anonymous_1)
DA:1,1
DA:7,1
DA:9,1
DA:10,1
DA:14,3
DA:15,2
DA:16,1
LF:7
LH:7
BRDA:14,0,0,1
BRDA:14,0,1,2
BRDA:15,1,0,1
BRDA:15,1,1,1
BRDA:15,2,0,2
BRDA:15,2,1,2
BRF:6
BRH:6
end_of_record
TN:
SF:src\Survey\SurveyService.js
FN:10,(anonymous_0)
FN:18,(anonymous_1)
FN:27,(anonymous_2)
FN:28,(anonymous_3)
FN:38,(anonymous_4)
FN:41,(anonymous_5)
FN:52,(anonymous_6)
FN:53,(anonymous_7)
FN:54,(anonymous_8)
FN:63,(anonymous_9)
FN:65,(anonymous_10)
FN:79,(anonymous_11)
FN:80,(anonymous_12)
FN:93,(anonymous_13)
FN:95,(anonymous_14)
FN:97,(anonymous_15)
FN:110,(anonymous_16)
FN:111,(anonymous_17)
FN:113,(anonymous_18)
FN:129,(anonymous_19)
FN:130,(anonymous_20)
FN:135,(anonymous_21)
FN:135,(anonymous_22)
FNF:23
FNH:23
FNDA:1,(anonymous_0)
FNDA:1,(anonymous_1)
FNDA:2,(anonymous_2)
FNDA:2,(anonymous_3)
FNDA:4,(anonymous_4)
FNDA:1,(anonymous_5)
FNDA:2,(anonymous_6)
FNDA:2,(anonymous_7)
FNDA:1,(anonymous_8)
FNDA:15,(anonymous_9)
FNDA:15,(anonymous_10)
FNDA:2,(anonymous_11)
FNDA:2,(anonymous_12)
FNDA:7,(anonymous_13)
FNDA:7,(anonymous_14)
FNDA:6,(anonymous_15)
FNDA:5,(anonymous_16)
FNDA:5,(anonymous_17)
FNDA:3,(anonymous_18)
FNDA:5,(anonymous_19)
FNDA:5,(anonymous_20)
FNDA:2,(anonymous_21)
FNDA:2,(anonymous_22)
DA:1,1
DA:2,1
DA:3,1
DA:9,1
DA:11,1
DA:19,1
DA:28,2
DA:29,2
DA:30,1
DA:39,4
DA:40,3
DA:41,2
DA:42,1
DA:44,1
DA:45,1
DA:53,2
DA:54,1
DA:64,15
DA:65,15
DA:66,15
DA:67,14
DA:68,13
DA:69,12
DA:70,11
DA:71,11
DA:80,2
DA:81,2
DA:82,1
DA:83,1
DA:94,7
DA:95,7
DA:96,7
DA:97,6
DA:98,6
DA:99,5
DA:100,4
DA:101,3
DA:102,1
DA:111,5
DA:112,5
DA:113,4
DA:114,4
DA:115,1
DA:130,5
DA:131,5
DA:132,5
DA:133,4
DA:134,3
DA:135,2
DA:136,2
DA:137,1
LF:51
LH:51
BRDA:29,0,0,1
BRDA:29,0,1,1
BRDA:39,1,0,1
BRDA:39,1,1,3
BRDA:41,2,0,1
BRDA:41,2,1,1
BRDA:53,3,0,1
BRDA:53,3,1,1
BRDA:66,4,0,1
BRDA:66,4,1,14
BRDA:67,5,0,1
BRDA:67,5,1,13
BRDA:68,6,0,1
BRDA:68,6,1,12
BRDA:69,7,0,1
BRDA:69,7,1,11
BRDA:81,8,0,1
BRDA:81,8,1,1
BRDA:96,9,0,1
BRDA:96,9,1,6
BRDA:98,10,0,1
BRDA:98,10,1,5
BRDA:99,11,0,1
BRDA:99,11,1,4
BRDA:100,12,0,1
BRDA:100,12,1,3
BRDA:112,13,0,1
BRDA:112,13,1,4
BRDA:114,14,0,3
BRDA:114,14,1,1
BRDA:132,15,0,1
BRDA:132,15,1,4
BRDA:133,16,0,1
BRDA:133,16,1,3
BRDA:134,17,0,1
BRDA:134,17,1,2
BRDA:136,18,0,1
BRDA:136,18,1,1
BRF:38
BRH:38
end_of_record
